  Pacman.cpp
C:\Program Files\Microsoft Visual Studio\2022\Professional\VC\Tools\MSVC\14.32.31326\include\vector(2045,41): warning C4251: 'std::vector<S2D::Input::Keys,std::allocator<S2D::Input::Keys>>::_Mypair': class 'std::_Compressed_pair<std::allocator<S2D::Input::Keys>,std::_Vector_val<std::_Simple_types<_Ty>>,true>' needs to have dll-interface to be used by clients of class 'std::vector<S2D::Input::Keys,std::allocator<S2D::Input::Keys>>'
          with
          [
              _Ty=S2D::Input::Keys
          ]
C:\Program Files\Microsoft Visual Studio\2022\Professional\VC\Tools\MSVC\14.32.31326\include\vector(2045): message : see declaration of 'std::_Compressed_pair<std::allocator<S2D::Input::Keys>,std::_Vector_val<std::_Simple_types<_Ty>>,true>'
          with
          [
              _Ty=S2D::Input::Keys
          ]
C:\Users\h014896m\Documents\GitHub\PacMan-otaur\Pacman\Pacman\S2D\Input.h(108): message : see reference to class template instantiation 'std::vector<S2D::Input::Keys,std::allocator<S2D::Input::Keys>>' being compiled
C:\Users\h014896m\Documents\GitHub\PacMan-otaur\Pacman\Pacman\Pacman.cpp(27,27): warning C4305: '=': truncation from 'double' to 'float'
C:\Users\h014896m\Documents\GitHub\PacMan-otaur\Pacman\Pacman\Pacman.cpp(65,17): warning C4156: deletion of an array expression without using the array form of 'delete'; array form substituted
C:\Users\h014896m\Documents\GitHub\PacMan-otaur\Pacman\Pacman\Pacman.cpp(65,17): warning C4154: deletion of an array expression; conversion to pointer supplied
C:\Users\h014896m\Documents\GitHub\PacMan-otaur\Pacman\Pacman\Pacman.cpp(74,19): warning C4154: deletion of an array expression; conversion to pointer supplied
C:\Users\h014896m\Documents\GitHub\PacMan-otaur\Pacman\Pacman\Pacman.cpp(82,19): warning C4154: deletion of an array expression; conversion to pointer supplied
C:\Users\h014896m\Documents\GitHub\PacMan-otaur\Pacman\Pacman\Pacman.cpp(103,97): warning C4244: 'argument': conversion from 'int' to 'float', possible loss of data
C:\Users\h014896m\Documents\GitHub\PacMan-otaur\Pacman\Pacman\Pacman.cpp(103,55): warning C4244: 'argument': conversion from 'int' to 'float', possible loss of data
C:\Users\h014896m\Documents\GitHub\PacMan-otaur\Pacman\Pacman\Pacman.cpp(113,88): warning C4244: 'argument': conversion from 'int' to 'float', possible loss of data
C:\Users\h014896m\Documents\GitHub\PacMan-otaur\Pacman\Pacman\Pacman.cpp(113,47): warning C4244: 'argument': conversion from 'int' to 'float', possible loss of data
C:\Users\h014896m\Documents\GitHub\PacMan-otaur\Pacman\Pacman\Pacman.cpp(208,34): warning C4244: '=': conversion from 'int' to 'float', possible loss of data
C:\Users\h014896m\Documents\GitHub\PacMan-otaur\Pacman\Pacman\Pacman.cpp(209,34): warning C4244: '=': conversion from 'int' to 'float', possible loss of data
C:\Users\h014896m\Documents\GitHub\PacMan-otaur\Pacman\Pacman\Pacman.cpp(230,100): warning C4244: '=': conversion from 'int' to 'float', possible loss of data
C:\Users\h014896m\Documents\GitHub\PacMan-otaur\Pacman\Pacman\Pacman.cpp(232,101): warning C4244: '=': conversion from 'int' to 'float', possible loss of data
C:\Users\h014896m\Documents\GitHub\PacMan-otaur\Pacman\Pacman\Pacman.cpp(251,69): warning C4244: '=': conversion from 'int' to 'float', possible loss of data
C:\Users\h014896m\Documents\GitHub\PacMan-otaur\Pacman\Pacman\Pacman.cpp(252,68): warning C4244: '=': conversion from 'int' to 'float', possible loss of data
C:\Users\h014896m\Documents\GitHub\PacMan-otaur\Pacman\Pacman\Pacman.cpp(267,58): warning C4244: '=': conversion from 'int' to 'float', possible loss of data
C:\Users\h014896m\Documents\GitHub\PacMan-otaur\Pacman\Pacman\Pacman.cpp(286,50): warning C4244: '=': conversion from 'int' to 'float', possible loss of data
  main.cpp
C:\Program Files\Microsoft Visual Studio\2022\Professional\VC\Tools\MSVC\14.32.31326\include\vector(2045,41): warning C4251: 'std::vector<S2D::Input::Keys,std::allocator<S2D::Input::Keys>>::_Mypair': class 'std::_Compressed_pair<std::allocator<S2D::Input::Keys>,std::_Vector_val<std::_Simple_types<_Ty>>,true>' needs to have dll-interface to be used by clients of class 'std::vector<S2D::Input::Keys,std::allocator<S2D::Input::Keys>>'
          with
          [
              _Ty=S2D::Input::Keys
          ]
C:\Program Files\Microsoft Visual Studio\2022\Professional\VC\Tools\MSVC\14.32.31326\include\vector(2045): message : see declaration of 'std::_Compressed_pair<std::allocator<S2D::Input::Keys>,std::_Vector_val<std::_Simple_types<_Ty>>,true>'
          with
          [
              _Ty=S2D::Input::Keys
          ]
C:\Users\h014896m\Documents\GitHub\PacMan-otaur\Pacman\Pacman\S2D\Input.h(108): message : see reference to class template instantiation 'std::vector<S2D::Input::Keys,std::allocator<S2D::Input::Keys>>' being compiled
  Generating Code...
  Pacman.vcxproj -> C:\Users\h014896m\Documents\GitHub\PacMan-otaur\Pacman\Debug\Pacman.exe
